
Found a error in request: 
https://api.github.com/repos/wencke/wenckehub.ioclient_id=4161a8257efaea420c94&client_secret=d814ec48927a6bd62c55c058cd028a949e5362d4
Error type: HTTP Error 404: Not Found

Found a error in request: 
https://api.github.com/repos/wencke/wenckehub.io/pulls?client_id=4161a8257efaea420c94&client_secret=d814ec48927a6bd62c55c058cd028a949e5362d4&state=all&page=1
Error type: HTTP Error 404: Not Found

Found a error in request: 
https://api.github.com/repos/wencke/wenckehub.io/stargazers?client_id=4161a8257efaea420c94&client_secret=d814ec48927a6bd62c55c058cd028a949e5362d4&page=1
Error type: HTTP Error 404: Not Found

Found a error in request: 
https://api.github.com/repos/wencke/wenckehub.io/forks?client_id=4161a8257efaea420c94&client_secret=d814ec48927a6bd62c55c058cd028a949e5362d4&page=1
Error type: HTTP Error 404: Not Found

Found a error in request: 
https://api.github.com/repos/giguerch/client_id=4161a8257efaea420c94&client_secret=d814ec48927a6bd62c55c058cd028a949e5362d4
Error type: HTTP Error 404: Not Found

Found a error in request: 
https://api.github.com/repos/dami82/client_id=4161a8257efaea420c94&client_secret=d814ec48927a6bd62c55c058cd028a949e5362d4
Error type: HTTP Error 404: Not Found

Found a error in request: 
https://api.github.com/repos/giguerch//pulls?client_id=4161a8257efaea420c94&client_secret=d814ec48927a6bd62c55c058cd028a949e5362d4&state=all&page=1
Error type: HTTP Error 404: Not Found

Found a error in request: 
https://api.github.com/repos/jeremyrcoyle//pulls?client_id=4161a8257efaea420c94&client_secret=d814ec48927a6bd62c55c058cd028a949e5362d4&state=all&page=1
Error type: HTTP Error 404: Not Found

Found a error in request: 
https://api.github.com/repos/jeremyrcoyle//stargazers?client_id=4161a8257efaea420c94&client_secret=d814ec48927a6bd62c55c058cd028a949e5362d4&page=1
Error type: HTTP Error 404: Not Found

Found a error in request: 
https://api.github.com/repos/giguerch//stargazers?client_id=4161a8257efaea420c94&client_secret=d814ec48927a6bd62c55c058cd028a949e5362d4&page=1
Error type: HTTP Error 404: Not Found

Found a error in request: 
https://api.github.com/repos/jeremyrcoyle//forks?client_id=4161a8257efaea420c94&client_secret=d814ec48927a6bd62c55c058cd028a949e5362d4&page=1
Error type: HTTP Error 404: Not Found

Found a error in request: 
https://api.github.com/repos/giguerch//forks?client_id=4161a8257efaea420c94&client_secret=d814ec48927a6bd62c55c058cd028a949e5362d4&page=1
Error type: HTTP Error 404: Not Found

Found a error in request: 
https://api.github.com/repos/ngreifer//forks?client_id=4161a8257efaea420c94&client_secret=d814ec48927a6bd62c55c058cd028a949e5362d4&page=1
Error type: HTTP Error 404: Not Found

Found a error in request: 
https://api.github.com/repos/giguerch//languagesclient_id=4161a8257efaea420c94&client_secret=d814ec48927a6bd62c55c058cd028a949e5362d4
Error type: HTTP Error 404: Not Found

Found a error in request: 
https://api.github.com/repos/spatstat/spatstat.html/languagesclient_id=4161a8257efaea420c94&client_secret=d814ec48927a6bd62c55c058cd028a949e5362d4
Error type: HTTP Error 404: Not Found

Found a error in request: 
https://api.github.com/repos/jrnold/smss/languagesclient_id=4161a8257efaea420c94&client_secret=d814ec48927a6bd62c55c058cd028a949e5362d4
Error type: HTTP Error 404: Not Found

Found a error in request: 
https://api.github.com/repos/"	stefanedwards/lemon"/languagesclient_id=4161a8257efaea420c94&client_secret=d814ec48927a6bd62c55c058cd028a949e5362d4
Error type: HTTP Error 400: Bad Request

Found a error in request: 
https://api.github.com/repos/css-konstanz/mwa-devclient_id=4161a8257efaea420c94&client_secret=d814ec48927a6bd62c55c058cd028a949e5362d4
Error type: HTTP Error 404: Not Found

Found a error in request: 
https://api.github.com/repos/css-konstanz/mwa-dev/pulls?client_id=4161a8257efaea420c94&client_secret=d814ec48927a6bd62c55c058cd028a949e5362d4&state=all&page=1
Error type: HTTP Error 404: Not Found

Found a error in request: 
https://api.github.com/repos/css-konstanz/mwa-dev/stargazers?client_id=4161a8257efaea420c94&client_secret=d814ec48927a6bd62c55c058cd028a949e5362d4&page=1
Error type: HTTP Error 404: Not Found

Found a error in request: 
https://api.github.com/repos/css-konstanz/mwa-dev/forks?client_id=4161a8257efaea420c94&client_secret=d814ec48927a6bd62c55c058cd028a949e5362d4&page=1
Error type: HTTP Error 404: Not Found

Found a error in request: 
https://api.github.com/repos/css-konstanz/mwa-dev/languagesclient_id=4161a8257efaea420c94&client_secret=d814ec48927a6bd62c55c058cd028a949e5362d4
Error type: HTTP Error 404: Not Found

Found a error in request: 
https://api.github.com/repos/wencke/wenckehub.io/languagesclient_id=4161a8257efaea420c94&client_secret=d814ec48927a6bd62c55c058cd028a949e5362d4
Error type: HTTP Error 404: Not Found

